0 info it worked if it ends with ok
1 verbose cli [ '/usr/local/bin/node',
1 verbose cli   '/usr/local/bin/npm',
1 verbose cli   'install',
1 verbose cli   '-g',
<<<<<<< HEAD
1 verbose cli   'ionic' ]
2 info using npm@2.11.3
3 info using node@v0.12.7
4 verbose install initial load of /usr/local/lib/package.json
5 verbose readDependencies loading dependencies from /usr/local/lib/package.json
6 silly cache add args [ 'ionic', null ]
7 verbose cache add spec ionic
8 silly cache add parsed spec { raw: 'ionic',
8 silly cache add   scope: null,
8 silly cache add   name: 'ionic',
8 silly cache add   rawSpec: '',
8 silly cache add   spec: '*',
8 silly cache add   type: 'range' }
9 silly addNamed ionic@*
10 verbose addNamed "*" is a valid semver range for ionic
11 silly addNameRange { name: 'ionic', range: '*', hasData: false }
12 silly mapToRegistry name ionic
13 silly mapToRegistry using default registry
14 silly mapToRegistry registry https://registry.npmjs.org/
15 silly mapToRegistry uri https://registry.npmjs.org/ionic
16 verbose addNameRange registry:https://registry.npmjs.org/ionic not in flight; fetching
17 verbose request uri https://registry.npmjs.org/ionic
18 verbose request no auth needed
19 info attempt registry request try #1 at 20:59:35
20 verbose request id 1b5a88692b37defd
21 http request GET https://registry.npmjs.org/ionic
22 http 200 https://registry.npmjs.org/ionic
23 silly get cb [ 200,
23 silly get   { server: 'CouchDB/1.5.0 (Erlang OTP/R16B03)',
23 silly get     etag: '"D4ZWHYNBKT52VU9GGXKKX7DYM"',
23 silly get     'content-type': 'application/json',
23 silly get     'cache-control': 'max-age=60',
23 silly get     'content-length': '589719',
23 silly get     'accept-ranges': 'bytes',
23 silly get     date: 'Wed, 11 Nov 2015 19:59:35 GMT',
23 silly get     via: '1.1 varnish',
23 silly get     age: '22',
23 silly get     connection: 'keep-alive',
23 silly get     'x-served-by': 'cache-fra1225-FRA',
23 silly get     'x-cache': 'HIT',
23 silly get     'x-cache-hits': '1',
23 silly get     'x-timer': 'S1447271975.584909,VS0,VE4',
23 silly get     vary: 'Accept' } ]
24 verbose get saving ionic to /Users/Tania/.npm/registry.npmjs.org/ionic/.cache.json
25 silly addNameRange number 2 { name: 'ionic', range: '*', hasData: true }
26 silly addNameRange versions [ 'ionic',
26 silly addNameRange   [ '0.9.6',
26 silly addNameRange     '0.9.8',
26 silly addNameRange     '0.9.9',
26 silly addNameRange     '0.9.10',
26 silly addNameRange     '0.9.11',
26 silly addNameRange     '0.9.12',
26 silly addNameRange     '0.9.13',
26 silly addNameRange     '0.9.14',
26 silly addNameRange     '0.9.15',
26 silly addNameRange     '0.9.16',
26 silly addNameRange     '1.0.0-beta.1',
26 silly addNameRange     '1.0.0-beta',
26 silly addNameRange     '1.0.1-beta',
26 silly addNameRange     '1.0.3-beta',
26 silly addNameRange     '1.0.4',
26 silly addNameRange     '1.0.5',
26 silly addNameRange     '1.0.6',
26 silly addNameRange     '1.0.7',
26 silly addNameRange     '1.0.8',
26 silly addNameRange     '1.0.9',
26 silly addNameRange     '1.0.10',
26 silly addNameRange     '1.0.11',
26 silly addNameRange     '1.0.12',
26 silly addNameRange     '1.0.13',
26 silly addNameRange     '1.0.14',
26 silly addNameRange     '1.0.15',
26 silly addNameRange     '1.0.16',
26 silly addNameRange     '1.0.17',
26 silly addNameRange     '1.1.0-beta1',
26 silly addNameRange     '1.1.0-beta2',
26 silly addNameRange     '1.1.0-beta3',
26 silly addNameRange     '1.1.0-beta4',
26 silly addNameRange     '1.1.0-beta5',
26 silly addNameRange     '1.1.0-beta6',
26 silly addNameRange     '1.1.0',
26 silly addNameRange     '1.1.1-beta1',
26 silly addNameRange     '1.1.1-beta2',
26 silly addNameRange     '1.1.1-beta3',
26 silly addNameRange     '1.1.1',
26 silly addNameRange     '1.1.3',
26 silly addNameRange     '1.1.4',
26 silly addNameRange     '1.1.5-beta1',
26 silly addNameRange     '1.1.5-beta2',
26 silly addNameRange     '1.1.5-beta3',
26 silly addNameRange     '1.1.5-beta4',
26 silly addNameRange     '1.1.5-beta5',
26 silly addNameRange     '1.1.5',
26 silly addNameRange     '1.1.6',
26 silly addNameRange     '1.1.7-beta1',
26 silly addNameRange     '1.1.7',
26 silly addNameRange     '1.1.8-beta1',
26 silly addNameRange     '1.1.8-beta2',
26 silly addNameRange     '1.1.8-beta3',
26 silly addNameRange     '1.1.8-beta4',
26 silly addNameRange     '1.1.8-beta5',
26 silly addNameRange     '1.1.8',
26 silly addNameRange     '1.1.9-beta1',
26 silly addNameRange     '1.1.9',
26 silly addNameRange     '1.1.10',
26 silly addNameRange     '1.1.11-beta1',
26 silly addNameRange     '1.1.11-beta2',
26 silly addNameRange     '1.1.11',
26 silly addNameRange     '1.1.12-beta1',
26 silly addNameRange     '1.1.12-beta2',
26 silly addNameRange     '1.1.12-beta3',
26 silly addNameRange     '1.1.12',
26 silly addNameRange     '1.1.13',
26 silly addNameRange     '1.1.14-beta1',
26 silly addNameRange     '1.1.14-beta2',
26 silly addNameRange     '1.1.14-beta3',
26 silly addNameRange     '1.2.0-beta1',
26 silly addNameRange     '1.2.0',
26 silly addNameRange     '1.2.1-beta1',
26 silly addNameRange     '1.2.1-beta2',
26 silly addNameRange     '1.2.1-beta3',
26 silly addNameRange     '1.2.1-beta4',
26 silly addNameRange     '1.2.1',
26 silly addNameRange     '1.2.2',
26 silly addNameRange     '1.2.3-beta1',
26 silly addNameRange     '1.2.3-beta2',
26 silly addNameRange     '1.2.3-beta3',
26 silly addNameRange     '1.2.3',
26 silly addNameRange     '1.2.4-beta1',
26 silly addNameRange     '1.2.4-beta2',
26 silly addNameRange     '1.2.4-beta3',
26 silly addNameRange     '1.2.4',
26 silly addNameRange     '1.2.5-beta1',
26 silly addNameRange     '1.2.5-beta2',
26 silly addNameRange     '1.2.5-beta3',
26 silly addNameRange     '1.2.5',
26 silly addNameRange     '1.2.6-beta1',
26 silly addNameRange     '1.2.6-beta2',
26 silly addNameRange     '1.2.6-beta3',
26 silly addNameRange     '1.2.6',
26 silly addNameRange     '1.2.7',
26 silly addNameRange     '1.2.8-beta1',
26 silly addNameRange     '1.2.8-beta2',
26 silly addNameRange     '1.2.8',
26 silly addNameRange     '1.2.9',
26 silly addNameRange     '1.2.10',
26 silly addNameRange     '1.2.11',
26 silly addNameRange     '1.2.12',
26 silly addNameRange     '1.2.13',
26 silly addNameRange     '1.2.14-beta1',
26 silly addNameRange     '1.2.14-beta2',
26 silly addNameRange     '1.2.14-beta3',
26 silly addNameRange     '1.2.14-beta4',
26 silly addNameRange     '1.2.14-beta5',
26 silly addNameRange     '1.2.14-beta6',
26 silly addNameRange     '1.2.14',
26 silly addNameRange     '1.3.0-beta1',
26 silly addNameRange     '1.3.0',
26 silly addNameRange     '1.3.1',
26 silly addNameRange     '1.3.2',
26 silly addNameRange     '1.3.3',
26 silly addNameRange     '1.3.4',
26 silly addNameRange     '1.3.5',
26 silly addNameRange     '1.3.6',
26 silly addNameRange     '1.3.7',
26 silly addNameRange     '1.3.8',
26 silly addNameRange     '1.3.9',
26 silly addNameRange     '1.3.10',
26 silly addNameRange     '1.4.0-alpha.1',
26 silly addNameRange     '1.3.11',
26 silly addNameRange     '1.3.1-1.alpha.0',
26 silly addNameRange     '1.4.0-alpha.2',
26 silly addNameRange     '1.3.12',
26 silly addNameRange     '1.3.12-beta.1',
26 silly addNameRange     '1.3.12-beta.2',
26 silly addNameRange     '1.3.13-beta.0',
26 silly addNameRange     '1.3.1-3.beta.1',
26 silly addNameRange     '1.3.1-3.beta.2',
26 silly addNameRange     '1.3.13',
26 silly addNameRange     '1.3.1-3.beta.4',
26 silly addNameRange     '1.3.14-beta',
26 silly addNameRange     '1.3.14-beta.1',
26 silly addNameRange     '1.4.0-alpha.3',
26 silly addNameRange     '1.3.14',
26 silly addNameRange     '1.4.0-alpha.4',
26 silly addNameRange     '1.4.0-alpha.5',
26 silly addNameRange     '1.3.15-beta.0',
26 silly addNameRange     '1.3.15-beta.1',
26 silly addNameRange     '1.3.15-beta.2',
26 silly addNameRange     '1.3.15-beta.3',
26 silly addNameRange     '1.3.15-beta.4',
26 silly addNameRange     '1.3.15',
26 silly addNameRange     '1.3.16',
26 silly addNameRange     '1.4.0-alpha.6',
26 silly addNameRange     '1.3.17-beta.0',
26 silly addNameRange     '1.3.17-beta.1',
26 silly addNameRange     '1.3.17-beta.2',
26 silly addNameRange     '1.3.17-beta.3',
26 silly addNameRange     '1.3.1-7.beta.4',
26 silly addNameRange     '1.3.17',
26 silly addNameRange     '1.3.18-beta.0',
26 silly addNameRange     '1.3.18-beta.1',
26 silly addNameRange     '1.3.18-beta.2',
26 silly addNameRange     '1.3.18-beta.3',
26 silly addNameRange     '1.3.18',
26 silly addNameRange     '1.3.19-beta.0',
26 silly addNameRange     '1.3.19-beta.1',
26 silly addNameRange     '1.3.19-beta.2',
26 silly addNameRange     '1.3.19-beta.3',
26 silly addNameRange     '1.3.19-beta.4',
26 silly addNameRange     '1.3.19',
26 silly addNameRange     '1.3.20',
26 silly addNameRange     '1.4.1-beta.0',
26 silly addNameRange     '1.4.0-beta.1',
26 silly addNameRange     '1.4.0-beta.2',
26 silly addNameRange     '1.4.0-beta.3',
26 silly addNameRange     '1.4.0-beta.5',
26 silly addNameRange     '1.4.0-beta.6',
26 silly addNameRange     '1.4.0-beta.7',
26 silly addNameRange     '1.3.21-beta.0',
26 silly addNameRange     '1.3.21-beta.1',
26 silly addNameRange     '1.3.21',
26 silly addNameRange     '1.3.22',
26 silly addNameRange     '1.4.0-beta.8',
26 silly addNameRange     '1.4.0-beta.9',
26 silly addNameRange     '1.4.0-beta.10',
26 silly addNameRange     '1.4.0-beta.11',
26 silly addNameRange     '1.4.0-beta.12',
26 silly addNameRange     '1.4.0-beta.13',
26 silly addNameRange     '1.4.0-beta.14',
26 silly addNameRange     '1.4.0-beta.15',
26 silly addNameRange     '1.4.0-beta.16',
26 silly addNameRange     '1.4.0-beta.17',
26 silly addNameRange     '1.4.0-beta.18',
26 silly addNameRange     '1.4.0',
26 silly addNameRange     '1.4.1',
26 silly addNameRange     '1.4.2',
26 silly addNameRange     '1.4.3',
26 silly addNameRange     '1.4.4-beta.0',
26 silly addNameRange     '1.4.4-beta.2',
26 silly addNameRange     '1.4.4',
26 silly addNameRange     '1.4.5-beta.0',
26 silly addNameRange     '1.4.5-beta.1',
26 silly addNameRange     '1.4.5-beta.2',
26 silly addNameRange     '1.4.5-beta.3',
26 silly addNameRange     '1.4.5',
26 silly addNameRange     '1.4.6-beta.0',
26 silly addNameRange     '1.4.6',
26 silly addNameRange     '1.4.7',
26 silly addNameRange     '1.4.8',
26 silly addNameRange     '1.5.0-beta.0',
26 silly addNameRange     '1.5.0-beta.1',
26 silly addNameRange     '1.5.0',
26 silly addNameRange     '1.5.1-beta.0',
26 silly addNameRange     '1.5.1-beta.1',
26 silly addNameRange     '1.5.1-beta.2',
26 silly addNameRange     '1.5.1-beta.3',
26 silly addNameRange     '1.5.1-beta.4',
26 silly addNameRange     '1.5.1',
26 silly addNameRange     '1.5.2',
26 silly addNameRange     '1.5.3',
26 silly addNameRange     '1.5.4',
26 silly addNameRange     '1.5.5',
26 silly addNameRange     '1.6.0-beta.1',
26 silly addNameRange     '1.6.0',
26 silly addNameRange     '1.6.1',
26 silly addNameRange     '1.6.2-beta.0',
26 silly addNameRange     '1.6.2-beta.1',
26 silly addNameRange     '1.6.2-beta.2',
26 silly addNameRange     '1.6.2',
26 silly addNameRange     '1.6.3-beta.0',
26 silly addNameRange     '1.6.3-beta.1',
26 silly addNameRange     '1.6.3',
26 silly addNameRange     '1.6.4-beta.0',
26 silly addNameRange     '1.6.4-beta.1',
26 silly addNameRange     '1.6.4',
26 silly addNameRange     '1.7.0-beta.0',
26 silly addNameRange     '1.7.0-beta.1',
26 silly addNameRange     '1.7.0-beta.2',
26 silly addNameRange     '1.7.0-beta.3',
26 silly addNameRange     '2.0.0-alpha.1',
26 silly addNameRange     '2.0.0-alpha.3',
26 silly addNameRange     '1.7.0-beta.4',
26 silly addNameRange     '1.6.5-testing.0',
26 silly addNameRange     '1.6.5-testing.1',
26 silly addNameRange     '1.6.5-testing.2',
26 silly addNameRange     '1.6.5-testing.3',
26 silly addNameRange     '1.6.5',
26 silly addNameRange     '2.0.0-alpha.4',
26 silly addNameRange     '1.7.0-beta.5',
26 silly addNameRange     '1.7.0-beta.6',
26 silly addNameRange     '1.7.0',
26 silly addNameRange     '2.0.0-alpha.5',
26 silly addNameRange     '2.0.0-alpha.6',
26 silly addNameRange     '1.7.1',
26 silly addNameRange     '2.0.0-alpha.7',
26 silly addNameRange     '2.0.0-alpha.8',
26 silly addNameRange     '1.7.2',
26 silly addNameRange     '1.7.3',
26 silly addNameRange     '1.7.4',
26 silly addNameRange     '1.7.5',
26 silly addNameRange     '1.7.6',
26 silly addNameRange     '1.7.7-beta.0',
26 silly addNameRange     '2.0.0-alpha.9',
26 silly addNameRange     '1.7.7',
26 silly addNameRange     '2.0.0-alpha.10',
26 silly addNameRange     '2.0.0-alpha.11',
26 silly addNameRange     '2.0.0-alpha.12',
26 silly addNameRange     '2.0.0-alpha.13',
26 silly addNameRange     '2.0.0-alpha.14',
26 silly addNameRange     '2.0.0-alpha.15',
26 silly addNameRange     '2.0.0-alpha.16',
26 silly addNameRange     '2.0.0-alpha.17',
26 silly addNameRange     '2.0.0-alpha.18',
26 silly addNameRange     '1.7.8-beta.0',
26 silly addNameRange     '1.7.8-beta.1',
26 silly addNameRange     '1.7.8-beta.2',
26 silly addNameRange     '1.7.8-beta.3',
26 silly addNameRange     '1.7.8',
26 silly addNameRange     '2.0.0-alpha.19',
26 silly addNameRange     '2.0.0-alpha.20' ] ]
27 silly addNamed ionic@1.7.8
28 verbose addNamed "1.7.8" is a plain semver version for ionic
29 silly mapToRegistry name ionic
30 silly mapToRegistry using default registry
31 silly mapToRegistry registry https://registry.npmjs.org/
32 silly mapToRegistry uri https://registry.npmjs.org/ionic
33 verbose addRemoteTarball https://registry.npmjs.org/ionic/-/ionic-1.7.8.tgz not in flight; adding
34 verbose addRemoteTarball [ 'https://registry.npmjs.org/ionic/-/ionic-1.7.8.tgz',
34 verbose addRemoteTarball   '9daa4be3da17c992f35ea17992efe7b353636d76' ]
35 info retry fetch attempt 1 at 20:59:36
36 info attempt registry request try #1 at 20:59:36
37 http fetch GET https://registry.npmjs.org/ionic/-/ionic-1.7.8.tgz
38 http fetch 200 https://registry.npmjs.org/ionic/-/ionic-1.7.8.tgz
39 silly fetchAndShaCheck shasum 9daa4be3da17c992f35ea17992efe7b353636d76
40 verbose addTmpTarball /var/folders/fv/wkgf79hx2_13pbll0__88xb80000gn/T/npm-4417-a2261cba/registry.npmjs.org/ionic/-/ionic-1.7.8.tgz not in flight; adding
41 verbose addTmpTarball already have metadata; skipping unpack for ionic@1.7.8
42 silly cache afterAdd ionic@1.7.8
43 verbose afterAdd /Users/Tania/.npm/ionic/1.7.8/package/package.json not in flight; writing
44 verbose afterAdd /Users/Tania/.npm/ionic/1.7.8/package/package.json written
45 silly install resolved [ { name: 'ionic',
45 silly install resolved     version: '1.7.8',
45 silly install resolved     preferGlobal: true,
45 silly install resolved     description: 'A tool for creating and developing Ionic Framework mobile apps.',
45 silly install resolved     homepage: 'http://ionicframework.com/',
45 silly install resolved     bin: { ionic: 'bin/ionic' },
45 silly install resolved     scripts:
45 silly install resolved      { bump: 'node lib/tasks/bumpversion',
45 silly install resolved        'beta-bump': 'node lib/tasks/bumpversion --level pre --identifier beta',
45 silly install resolved        'publish-release': 'node lib/tasks/bumpversion --npmPublish',
45 silly install resolved        'publish-tag': 'node lib/tasks/bumpversion --level beta --npmPublishTag',
45 silly install resolved        'full-release': 'node lib/tasks/bumpversion --npmInstall --git --npmPublish',
45 silly install resolved        test: 'npm run jasmine',
45 silly install resolved        e2e: 'jasmine-node --captureExceptions ./e2e',
45 silly install resolved        jasmine: 'jasmine-node --captureExceptions  ./spec' },
45 silly install resolved     keywords:
45 silly install resolved      [ 'ionic',
45 silly install resolved        'ionic framework',
45 silly install resolved        'ionicframework',
45 silly install resolved        'mobile',
45 silly install resolved        'app',
45 silly install resolved        'hybrid',
45 silly install resolved        'cordova',
45 silly install resolved        'phonegap' ],
45 silly install resolved     repository:
45 silly install resolved      { type: 'git',
45 silly install resolved        url: 'git+https://github.com/driftyco/ionic-cli.git' },
45 silly install resolved     contributors: [ [Object], [Object], [Object], [Object] ],
45 silly install resolved     license: 'MIT',
45 silly install resolved     dependencies:
45 silly install resolved      { async: '^0.9.0',
45 silly install resolved        cheerio: '^0.19.0',
45 silly install resolved        'cli-table': '^0.3.1',
45 silly install resolved        colors: '0.6.2',
45 silly install resolved        connect: '3.1.1',
45 silly install resolved        'connect-livereload': '0.5.2',
45 silly install resolved        crc: '3.2.1',
45 silly install resolved        'cross-spawn': '0.2.3',
45 silly install resolved        'event-stream': '3.0.x',
45 silly install resolved        'expand-tilde': '^1.2.0',
45 silly install resolved        finalhandler: '0.2.0',
45 silly install resolved        'form-data': '0.1.4',
45 silly install resolved        gulp: '3.8.8',
45 silly install resolved        'ionic-app-lib': '0.6.4',
45 silly install resolved        moment: '^2.10.6',
45 silly install resolved        ncp: '0.4.2',
45 silly install resolved        npm: '2.1.3',
45 silly install resolved        open: '0.0.5',
45 silly install resolved        optimist: '0.6.0',
45 silly install resolved        progress: '1.1.7',
45 silly install resolved        prompt: '0.2.12',
45 silly install resolved        'proxy-middleware': '^0.7.0',
45 silly install resolved        q: '1.0.1',
45 silly install resolved        request: '2.51.0',
45 silly install resolved        semver: '^4.2.0',
45 silly install resolved        'serve-static': '1.7.1',
45 silly install resolved        shelljs: '0.2.6',
45 silly install resolved        'tiny-lr-fork': '0.0.5',
45 silly install resolved        underscore: '~1.7.0',
45 silly install resolved        unzip: '0.1.9',
45 silly install resolved        'vinyl-fs': '0.3.7',
45 silly install resolved        xml2js: '0.4.4' },
45 silly install resolved     devDependencies: { 'jasmine-node': '^1.14.5', rewire: '^2.3.4' },
45 silly install resolved     gitHead: 'acddd466b1ac5ba9910df497769e7129e309a17c',
45 silly install resolved     bugs: { url: 'https://github.com/driftyco/ionic-cli/issues' },
45 silly install resolved     _id: 'ionic@1.7.8',
45 silly install resolved     _shasum: '9daa4be3da17c992f35ea17992efe7b353636d76',
45 silly install resolved     _from: 'ionic@*',
45 silly install resolved     _npmVersion: '2.14.7',
45 silly install resolved     _nodeVersion: '4.2.1',
45 silly install resolved     _npmUser: { name: 'jbavari', email: 'jbavari@gmail.com' },
45 silly install resolved     dist:
45 silly install resolved      { shasum: '9daa4be3da17c992f35ea17992efe7b353636d76',
45 silly install resolved        tarball: 'http://registry.npmjs.org/ionic/-/ionic-1.7.8.tgz' },
45 silly install resolved     maintainers: [ [Object], [Object], [Object], [Object], [Object], [Object] ],
45 silly install resolved     directories: {},
45 silly install resolved     _resolved: 'https://registry.npmjs.org/ionic/-/ionic-1.7.8.tgz' } ]
46 info install ionic@1.7.8 into /usr/local/lib
47 info installOne ionic@1.7.8
48 verbose installOne of ionic to /usr/local/lib not in flight; installing
49 warn locking Error: EACCES, open '/Users/Tania/.npm/_locks/ionic-61c0cd50dc7a1457.lock'
49 warn locking     at Error (native)
49 warn locking  /Users/Tania/.npm/_locks/ionic-61c0cd50dc7a1457.lock failed { [Error: EACCES, open '/Users/Tania/.npm/_locks/ionic-61c0cd50dc7a1457.lock']
49 warn locking   errno: -13,
49 warn locking   code: 'EACCES',
49 warn locking   path: '/Users/Tania/.npm/_locks/ionic-61c0cd50dc7a1457.lock' }
50 verbose stack Error: Attempt to unlock /usr/local/lib/node_modules/ionic, which hasn't been locked
50 verbose stack     at unlock (/usr/local/lib/node_modules/npm/lib/utils/locker.js:66:11)
50 verbose stack     at cb (/usr/local/lib/node_modules/npm/lib/install.js:1017:5)
50 verbose stack     at /usr/local/lib/node_modules/npm/lib/install.js:1021:20
50 verbose stack     at /usr/local/lib/node_modules/npm/lib/utils/locker.js:40:9
50 verbose stack     at cb (/usr/local/lib/node_modules/npm/node_modules/lockfile/lockfile.js:149:38)
50 verbose stack     at /usr/local/lib/node_modules/npm/node_modules/lockfile/lockfile.js:177:38
50 verbose stack     at FSReqWrap.oncomplete (fs.js:95:15)
51 verbose cwd /Users/Tania/AtomProjects/videoclub
52 error Darwin 15.0.0
53 error argv "/usr/local/bin/node" "/usr/local/bin/npm" "install" "-g" "ionic"
54 error node v0.12.7
55 error npm  v2.11.3
56 error Attempt to unlock /usr/local/lib/node_modules/ionic, which hasn't been locked
57 error If you need help, you may report this error at:
57 error     <https://github.com/npm/npm/issues>
58 verbose exit [ 1, true ]
=======
1 verbose cli   'ios-deploy' ]
2 info using npm@3.3.6
3 info using node@v5.0.0
4 silly loadCurrentTree Starting
5 silly install loadCurrentTree
6 silly install readGlobalPackageData
7 silly fetchPackageMetaData ios-deploy
8 silly fetchNamedPackageData ios-deploy
9 silly mapToRegistry name ios-deploy
10 silly mapToRegistry using default registry
11 silly mapToRegistry registry https://registry.npmjs.org/
12 silly mapToRegistry uri https://registry.npmjs.org/ios-deploy
13 verbose request uri https://registry.npmjs.org/ios-deploy
14 verbose request no auth needed
15 info attempt registry request try #1 at 22:57:26
16 verbose request id fc4543ab395c437c
17 http request GET https://registry.npmjs.org/ios-deploy
18 http 200 https://registry.npmjs.org/ios-deploy
19 verbose headers { server: 'CouchDB/1.5.0 (Erlang OTP/R16B03)',
19 verbose headers   etag: '"33W06N958TKM5FZSWXU6YS6UE"',
19 verbose headers   'content-type': 'application/json',
19 verbose headers   'cache-control': 'max-age=60',
19 verbose headers   'content-length': '31028',
19 verbose headers   'accept-ranges': 'bytes',
19 verbose headers   date: 'Thu, 12 Nov 2015 21:57:26 GMT',
19 verbose headers   via: '1.1 varnish',
19 verbose headers   age: '0',
19 verbose headers   connection: 'keep-alive',
19 verbose headers   'x-served-by': 'cache-lcy1124-LCY',
19 verbose headers   'x-cache': 'MISS',
19 verbose headers   'x-cache-hits': '0',
19 verbose headers   'x-timer': 'S1447365446.447252,VS0,VE169',
19 verbose headers   vary: 'Accept' }
20 silly get cb [ 200,
20 silly get   { server: 'CouchDB/1.5.0 (Erlang OTP/R16B03)',
20 silly get     etag: '"33W06N958TKM5FZSWXU6YS6UE"',
20 silly get     'content-type': 'application/json',
20 silly get     'cache-control': 'max-age=60',
20 silly get     'content-length': '31028',
20 silly get     'accept-ranges': 'bytes',
20 silly get     date: 'Thu, 12 Nov 2015 21:57:26 GMT',
20 silly get     via: '1.1 varnish',
20 silly get     age: '0',
20 silly get     connection: 'keep-alive',
20 silly get     'x-served-by': 'cache-lcy1124-LCY',
20 silly get     'x-cache': 'MISS',
20 silly get     'x-cache-hits': '0',
20 silly get     'x-timer': 'S1447365446.447252,VS0,VE169',
20 silly get     vary: 'Accept' } ]
21 verbose get saving ios-deploy to /Users/Tania/.npm/registry.npmjs.org/ios-deploy/.cache.json
22 silly install normalizeTree
23 silly loadCurrentTree Finishing
24 silly loadIdealTree Starting
25 silly install loadIdealTree
26 silly cloneCurrentTree Starting
27 silly install cloneCurrentTreeToIdealTree
28 silly cloneCurrentTree Finishing
29 silly loadShrinkwrap Starting
30 silly install loadShrinkwrap
31 silly loadShrinkwrap Finishing
32 silly loadAllDepsIntoIdealTree Starting
33 silly install loadAllDepsIntoIdealTree
34 silly resolveWithNewModule ios-deploy@1.8.2 checking installable status
35 silly cache add args [ 'ios-deploy', null ]
36 verbose cache add spec ios-deploy
37 silly cache add parsed spec Result {
37 silly cache add   raw: 'ios-deploy',
37 silly cache add   scope: null,
37 silly cache add   name: 'ios-deploy',
37 silly cache add   rawSpec: '',
37 silly cache add   spec: '*',
37 silly cache add   type: 'range' }
38 silly addNamed ios-deploy@*
39 verbose addNamed "*" is a valid semver range for ios-deploy
40 silly addNameRange { name: 'ios-deploy', range: '*', hasData: false }
41 silly mapToRegistry name ios-deploy
42 silly mapToRegistry using default registry
43 silly mapToRegistry registry https://registry.npmjs.org/
44 silly mapToRegistry uri https://registry.npmjs.org/ios-deploy
45 verbose addNameRange registry:https://registry.npmjs.org/ios-deploy not in flight; fetching
46 verbose get https://registry.npmjs.org/ios-deploy not expired, no request
47 silly addNameRange number 2 { name: 'ios-deploy', range: '*', hasData: true }
48 silly addNameRange versions [ 'ios-deploy',
48 silly addNameRange   [ '1.0.1',
48 silly addNameRange     '1.0.2',
48 silly addNameRange     '1.0.3',
48 silly addNameRange     '1.0.4',
48 silly addNameRange     '1.0.5',
48 silly addNameRange     '1.0.6',
48 silly addNameRange     '1.0.7',
48 silly addNameRange     '1.0.8',
48 silly addNameRange     '1.0.9',
48 silly addNameRange     '1.1.0',
48 silly addNameRange     '1.2.0',
48 silly addNameRange     '1.3.0',
48 silly addNameRange     '1.3.1',
48 silly addNameRange     '1.3.2',
48 silly addNameRange     '1.4.0',
48 silly addNameRange     '1.5.0',
48 silly addNameRange     '1.6.0',
48 silly addNameRange     '1.6.1',
48 silly addNameRange     '1.6.2',
48 silly addNameRange     '1.6.3',
48 silly addNameRange     '1.7.0',
48 silly addNameRange     '1.8.0',
48 silly addNameRange     '1.8.1',
48 silly addNameRange     '1.8.2' ] ]
49 silly addNamed ios-deploy@1.8.2
50 verbose addNamed "1.8.2" is a plain semver version for ios-deploy
51 silly mapToRegistry name ios-deploy
52 silly mapToRegistry using default registry
53 silly mapToRegistry registry https://registry.npmjs.org/
54 silly mapToRegistry uri https://registry.npmjs.org/ios-deploy
55 verbose addRemoteTarball https://registry.npmjs.org/ios-deploy/-/ios-deploy-1.8.2.tgz not in flight; adding
56 verbose addRemoteTarball [ 'https://registry.npmjs.org/ios-deploy/-/ios-deploy-1.8.2.tgz',
56 verbose addRemoteTarball   '7c03fe975a818c40c8d87a075da5335797de2d5e' ]
57 info retry fetch attempt 1 at 22:57:26
58 info attempt registry request try #1 at 22:57:26
59 http fetch GET https://registry.npmjs.org/ios-deploy/-/ios-deploy-1.8.2.tgz
60 http fetch 200 https://registry.npmjs.org/ios-deploy/-/ios-deploy-1.8.2.tgz
61 silly fetchAndShaCheck shasum 7c03fe975a818c40c8d87a075da5335797de2d5e
62 verbose addTmpTarball /tmp/npm-1271-b72facb9/registry.npmjs.org/ios-deploy/-/ios-deploy-1.8.2.tgz not in flight; adding
63 verbose addTmpTarball already have metadata; skipping unpack for ios-deploy@1.8.2
64 silly cache afterAdd ios-deploy@1.8.2
65 verbose afterAdd /Users/Tania/.npm/ios-deploy/1.8.2/package/package.json not in flight; writing
66 verbose afterAdd /Users/Tania/.npm/ios-deploy/1.8.2/package/package.json written
67 silly loadAllDepsIntoIdealTree Finishing
68 silly idealTree:prePrune /usr/local/lib
68 silly idealTree:prePrune └── ios-deploy@1.8.2
69 silly loadIdealTree Finishing
70 silly currentTree /usr/local/lib
71 silly idealTree /usr/local/lib
71 silly idealTree └── ios-deploy@1.8.2
72 silly generateActionsToTake Starting
73 silly install generateActionsToTake
74 silly generateActionsToTake Finishing
75 silly diffTrees action count 1
76 silly diffTrees add ios-deploy@1.8.2
77 silly decomposeActions action count 8
78 silly decomposeActions fetch ios-deploy@1.8.2
79 silly decomposeActions extract ios-deploy@1.8.2
80 silly decomposeActions preinstall ios-deploy@1.8.2
81 silly decomposeActions build ios-deploy@1.8.2
82 silly decomposeActions install ios-deploy@1.8.2
83 silly decomposeActions postinstall ios-deploy@1.8.2
84 silly decomposeActions test ios-deploy@1.8.2
85 silly decomposeActions finalize ios-deploy@1.8.2
86 silly executeActions Starting
87 silly install executeActions
88 silly doSerial global-install 0
89 silly doParallel fetch 1
90 verbose lock using /Users/Tania/.npm/_locks/staging-3a08f0df5026584d.lock for /usr/local/lib/node_modules/.staging
91 silly doParallel extract 1
92 silly extract ios-deploy
93 verbose unbuild lib/node_modules/.staging/ios-deploy-fbfd9f76b9a8909271fae167aab47715
94 silly gentlyRm /usr/local/lib/node_modules/.staging/ios-deploy-fbfd9f76b9a8909271fae167aab47715 is being purged from base /usr/local
95 verbose gentlyRm don't care about contents; nuking /usr/local/lib/node_modules/.staging/ios-deploy-fbfd9f76b9a8909271fae167aab47715
96 verbose tar unpack /Users/Tania/.npm/ios-deploy/1.8.2/package.tgz
97 verbose tar unpacking to /usr/local/lib/node_modules/.staging/ios-deploy-fbfd9f76b9a8909271fae167aab47715
98 silly gentlyRm /usr/local/lib/node_modules/.staging/ios-deploy-fbfd9f76b9a8909271fae167aab47715 is being purged
99 verbose gentlyRm don't care about contents; nuking /usr/local/lib/node_modules/.staging/ios-deploy-fbfd9f76b9a8909271fae167aab47715
100 silly gunzTarPerm modes [ '755', '644' ]
101 silly gunzTarPerm extractEntry package.json
102 silly gunzTarPerm extractEntry .npmignore
103 silly gunzTarPerm extractEntry README.md
104 silly gunzTarPerm extractEntry LICENSE
105 silly gunzTarPerm extractEntry CONTRIBUTING.md
106 silly gunzTarPerm extractEntry demo/.npmignore
107 silly gunzTarPerm extractEntry demo/Entitlements.plist
108 silly gunzTarPerm extractEntry demo/Info.plist
109 silly gunzTarPerm extractEntry demo/Makefile
110 silly gunzTarPerm extractEntry demo/ResourceRules.plist
111 silly gunzTarPerm extractEntry demo/demo.c
112 silly gunzTarPerm extractEntry ios-deploy.xcodeproj/project.pbxproj
113 silly gunzTarPerm extractEntry src/check_reqs.js
114 silly gunzTarPerm extractEntry src/MobileDevice.h
115 silly gunzTarPerm extractEntry src/errors.h
116 silly gunzTarPerm extractEntry src/ios-deploy.c
117 silly doParallel preinstall 1
118 silly preinstall ios-deploy /usr/local/lib/node_modules/.staging/ios-deploy-fbfd9f76b9a8909271fae167aab47715
119 info lifecycle ios-deploy@1.8.2~preinstall: ios-deploy@1.8.2
120 warn lifecycle ios-deploy@1.8.2~preinstall: cannot run in wd %s %s (wd=%s) ios-deploy@1.8.2 ./src/check_reqs.js && xcodebuild /usr/local/lib/node_modules/.staging/ios-deploy-fbfd9f76b9a8909271fae167aab47715
121 silly doReverseSerial remove 0
122 silly doSerial move 0
123 silly doSerial finalize 1
124 silly finalize /usr/local/lib/node_modules/ios-deploy
125 silly doSerial build 1
126 silly build ios-deploy
127 info linkStuff ios-deploy@1.8.2
128 silly linkStuff ios-deploy@1.8.2 has /usr/local/lib/node_modules as its parent node_modules
129 silly linkStuff ios-deploy@1.8.2 is part of a global install
130 silly linkStuff ios-deploy@1.8.2 is installed into a global node_modules
131 silly linkStuff ios-deploy@1.8.2 is installed into the top-level global node_modules
132 verbose linkBins ios-deploy@1.8.2
133 verbose link bins [ { 'ios-deploy': './build/Release/ios-deploy' },
133 verbose link bins   '/usr/local/bin',
133 verbose link bins   true ]
134 verbose linkMans ios-deploy@1.8.2
135 verbose rebuildBundles ios-deploy@1.8.2
136 verbose unlock done using /Users/Tania/.npm/_locks/staging-3a08f0df5026584d.lock for /usr/local/lib/node_modules/.staging
137 silly rollbackFailedOptional Starting
138 silly rollbackFailedOptional Finishing
139 silly runTopLevelLifecycles Starting
140 silly runTopLevelLifecycles Finishing
141 silly install printInstalled
142 verbose stack Error: ENOENT: no such file or directory, chmod '/usr/local/lib/node_modules/ios-deploy/build/Release/ios-deploy'
142 verbose stack     at Error (native)
143 verbose cwd /Users/Tania/AtomProjects/videoclub
144 error Darwin 15.0.0
145 error argv "/usr/local/bin/node" "/usr/local/bin/npm" "install" "-g" "ios-deploy"
146 error node v5.0.0
147 error npm  v3.3.6
148 error path /usr/local/lib/node_modules/ios-deploy/build/Release/ios-deploy
149 error code ENOENT
150 error errno -2
151 error syscall chmod
152 error enoent ENOENT: no such file or directory, chmod '/usr/local/lib/node_modules/ios-deploy/build/Release/ios-deploy'
152 error enoent This is most likely not a problem with npm itself
152 error enoent and is related to npm not being able to find a file.
153 verbose exit [ -2, true ]
>>>>>>> origin/master
